<?xml version="1.0" encoding="UTF-8"?>
<!-- Generated by org.testng.reporters.JUnitReportReporter -->
<testsuite hostname="Tapaswi" failures="0" tests="4" name="tests.Test2_PasswordCheck" time="42.361" errors="0" timestamp="24 Mar 2018 17:55:38 GMT" skipped="0">
  <testcase classname="tests.Test2_PasswordCheck" name="TC02_passwordCheck" time="5.452"/>
  <testcase classname="tests.Test2_PasswordCheck" name="TC02_passwordCheck" time="31.362"/>
  <testcase classname="tests.Test2_PasswordCheck" name="TC02_passwordCheck" time="3.500"/>
  <testcase classname="tests.Test2_PasswordCheck" name="TC02_passwordCheck" time="2.047"/>
</testsuite> <!-- tests.Test2_PasswordCheck -->
